<?xml version="1.0" encoding="UTF-8"?>
<testng-results ignored="0" total="1" passed="1" failed="0" skipped="0">
  <reporter-output>
  </reporter-output>
  <suite started-at="2022-11-21T21:15:35 IST" name="Default suite" finished-at="2022-11-21T21:15:35 IST" duration-ms="28">
    <groups>
    </groups>
    <test started-at="2022-11-21T21:15:35 IST" name="Default test" finished-at="2022-11-21T21:15:35 IST" duration-ms="28">
      <class name="Demo.SampleTest">
        <test-method signature="test()[pri:0, instance:Demo.SampleTest@4ef37659]" started-at="2022-11-21T21:15:35 IST" name="test" finished-at="2022-11-21T21:15:35 IST" duration-ms="5" status="PASS">
          <reporter-output>
          </reporter-output>
        </test-method> <!-- test -->
      </class> <!-- Demo.SampleTest -->
    </test> <!-- Default test -->
  </suite> <!-- Default suite -->
</testng-results>
